-------------------------------------------------------------------------------
Test set: com.parameters.ParameterTest
-------------------------------------------------------------------------------
Tests run: 1, Failures: 1, Errors: 0, Skipped: 0, Time elapsed: 0.299 s <<< FAILURE! - in com.parameters.ParameterTest
login(com.parameters.ParameterTest)  Time elapsed: 0.202 s  <<< FAILURE!
org.testng.TestNGException: 

Parameter 'url' is required by @Test on method login but has not been marked @Optional or defined


