-------------------------------------------------------------------------------
Test set: TestSuite
-------------------------------------------------------------------------------
Tests run: 6, Failures: 1, Errors: 0, Skipped: 0, Time elapsed: 7.438 s <<< FAILURE! - in TestSuite
login(com.parameters.ParameterTest)  Time elapsed: 0.255 s  <<< FAILURE!
org.testng.TestNGException: 

Parameter 'url' is required by @Test on method login but has not been marked @Optional or defined


